{
  "RSpec": {
    "coverage": {
      "/Users/Jared/Programming/Rails_Projects/Wisc-Land-Web-App/config/environment.rb": [
        null,
        1,
        null,
        null,
        1,
        null,
        null
      ],
      "/Users/Jared/Programming/Rails_Projects/Wisc-Land-Web-App/config/application.rb": [
        1,
        null,
        1,
        null,
        null,
        null,
        1,
        null,
        1,
        1,
        null,
        null,
        null,
        1,
        null,
        null,
        null,
        null,
        null,
        null,
        null,
        null,
        null
      ],
      "/Users/Jared/Programming/Rails_Projects/Wisc-Land-Web-App/config/boot.rb": [
        null,
        1,
        null,
        1
      ],
      "/Users/Jared/Programming/Rails_Projects/Wisc-Land-Web-App/config/environments/test.rb": [
        1,
        null,
        null,
        null,
        null,
        null,
        null,
        1,
        null,
        null,
        null,
        null,
        1,
        null,
        null,
        1,
        1,
        null,
        null,
        1,
        1,
        null,
        null,
        1,
        null,
        null,
        1,
        null,
        null,
        null,
        null,
        1,
        null,
        null,
        1,
        null,
        null,
        1,
        null
      ],
      "/Users/Jared/Programming/Rails_Projects/Wisc-Land-Web-App/config/initializers/backtrace_silencers.rb": [
        null,
        null,
        null,
        null,
        null,
        null,
        null
      ],
      "/Users/Jared/Programming/Rails_Projects/Wisc-Land-Web-App/config/initializers/devise.rb": [
        null,
        null,
        1,
        null,
        null,
        null,
        null,
        1,
        null,
        null,
        null,
        null,
        null,
        1,
        null,
        null,
        null,
        null,
        null,
        null,
        null,
        null,
        1,
        null,
        null,
        null,
        null,
        null,
        null,
        null,
        null,
        null,
        null,
        null,
        null,
        null,
        null,
        null,
        null,
        null,
        null,
        null,
        null,
        null,
        1,
        null,
        null,
        null,
        null,
        1,
        null,
        null,
        null,
        null,
        null,
        null,
        null,
        null,
        null,
        null,
        null,
        null,
        null,
        null,
        null,
        null,
        null,
        null,
        null,
        null,
        null,
        null,
        null,
        null,
        null,
        null,
        null,
        null,
        null,
        null,
        1,
        null,
        null,
        null,
        null,
        null,
        null,
        null,
        null,
        null,
        null,
        null,
        null,
        null,
        null,
        1,
        null,
        null,
        null,
        null,
        null,
        null,
        null,
        null,
        null,
        null,
        1,
        null,
        null,
        null,
        null,
        null,
        null,
        null,
        null,
        null,
        null,
        null,
        null,
        null,
        1,
        null,
        null,
        null,
        null,
        null,
        null,
        null,
        null,
        null,
        null,
        null,
        null,
        null,
        null,
        null,
        null,
        null,
        1,
        null,
        null,
        null,
        null,
        null,
        null,
        null,
        null,
        null,
        null,
        null,
        null,
        null,
        null,
        null,
        null,
        null,
        null,
        null,
        null,
        null,
        null,
        null,
        null,
        null,
        null,
        null,
        null,
        null,
        null,
        null,
        null,
        null,
        null,
        null,
        null,
        null,
        null,
        null,
        null,
        null,
        null,
        null,
        null,
        null,
        null,
        null,
        null,
        1,
        null,
        null,
        null,
        null,
        null,
        null,
        null,
        null,
        null,
        null,
        null,
        null,
        null,
        null,
        null,
        null,
        null,
        null,
        null,
        null,
        null,
        null,
        null,
        null,
        null,
        null,
        null,
        null,
        null,
        null,
        null,
        null,
        null,
        null,
        null,
        null,
        null,
        1,
        null,
        null,
        null,
        null,
        null,
        null,
        null,
        null,
        null,
        null,
        null,
        null,
        null,
        null,
        null,
        null,
        null,
        null,
        null,
        null,
        null,
        null,
        null,
        null,
        null,
        null,
        null,
        null,
        null
      ],
      "/Users/Jared/Programming/Rails_Projects/Wisc-Land-Web-App/config/initializers/filter_parameter_logging.rb": [
        null,
        null,
        null,
        1
      ],
      "/Users/Jared/Programming/Rails_Projects/Wisc-Land-Web-App/config/initializers/inflections.rb": [
        null,
        null,
        null,
        null,
        null,
        null,
        null,
        null,
        null,
        null,
        null,
        null,
        null,
        null,
        null,
        null
      ],
      "/Users/Jared/Programming/Rails_Projects/Wisc-Land-Web-App/config/initializers/mime_types.rb": [
        null,
        null,
        null,
        null,
        null
      ],
      "/Users/Jared/Programming/Rails_Projects/Wisc-Land-Web-App/config/initializers/rolify.rb": [
        1,
        null,
        null,
        null,
        null,
        null,
        null,
        null
      ],
      "/Users/Jared/Programming/Rails_Projects/Wisc-Land-Web-App/app/models/role.rb": [
        1,
        1,
        1,
        null,
        1,
        null
      ],
      "/Users/Jared/Programming/Rails_Projects/Wisc-Land-Web-App/config/initializers/secret_token.rb": [
        null,
        null,
        null,
        null,
        null,
        null,
        null,
        null,
        null,
        null,
        null,
        1
      ],
      "/Users/Jared/Programming/Rails_Projects/Wisc-Land-Web-App/config/initializers/session_store.rb": [
        null,
        null,
        1
      ],
      "/Users/Jared/Programming/Rails_Projects/Wisc-Land-Web-App/config/initializers/user_sanitizer.rb": [
        1
      ],
      "/Users/Jared/Programming/Rails_Projects/Wisc-Land-Web-App/lib/user_sanitizer.rb": [
        1,
        1,
        1,
        0,
        null,
        null
      ],
      "/Users/Jared/Programming/Rails_Projects/Wisc-Land-Web-App/app/models/user.rb": [
        1,
        1,
        null,
        null,
        1,
        null,
        null,
        1,
        null,
        1,
        4,
        null,
        null,
        1,
        0,
        0,
        null,
        0,
        null,
        null,
        null,
        null,
        null,
        null,
        null,
        null,
        null,
        null,
        null
      ],
      "/Users/Jared/Programming/Rails_Projects/Wisc-Land-Web-App/config/initializers/wrap_parameters.rb": [
        null,
        null,
        null,
        null,
        null,
        null,
        1,
        1,
        null,
        null,
        null,
        null,
        null,
        null
      ],
      "/Users/Jared/Programming/Rails_Projects/Wisc-Land-Web-App/spec/factories.rb": [
        1,
        1,
        11,
        11,
        11,
        1,
        null,
        null
      ],
      "/Users/Jared/Programming/Rails_Projects/Wisc-Land-Web-App/spec/factories/classifications.rb": [
        null,
        null,
        1,
        1,
        1,
        1,
        1,
        1,
        null,
        null
      ],
      "/Users/Jared/Programming/Rails_Projects/Wisc-Land-Web-App/spec/factories/field_data.rb": [
        null,
        null,
        1,
        1,
        1,
        1,
        1,
        1,
        1,
        1,
        1,
        1,
        1,
        1,
        null,
        null
      ],
      "/Users/Jared/Programming/Rails_Projects/Wisc-Land-Web-App/spec/factories/forest_species.rb": [
        null,
        null,
        1,
        1,
        1,
        null,
        null
      ],
      "/Users/Jared/Programming/Rails_Projects/Wisc-Land-Web-App/spec/factories/species_entries.rb": [
        null,
        null,
        1,
        1,
        1,
        1,
        1,
        null,
        null
      ],
      "/Users/Jared/Programming/Rails_Projects/Wisc-Land-Web-App/spec/factories/vegetation_entries.rb": [
        null,
        null,
        1,
        1,
        1,
        1,
        1,
        null,
        null
      ],
      "/Users/Jared/Programming/Rails_Projects/Wisc-Land-Web-App/spec/factories/vegetations.rb": [
        null,
        null,
        1,
        1,
        1,
        null,
        null
      ],
      "/Users/Jared/Programming/Rails_Projects/Wisc-Land-Web-App/config/routes.rb": [
        1,
        1,
        null,
        1,
        1,
        1,
        null,
        null,
        null,
        1,
        1,
        1,
        null,
        null,
        null,
        1,
        1,
        1,
        null,
        null,
        null,
        null,
        null,
        null,
        1,
        1,
        1,
        null,
        null,
        null,
        1,
        1,
        1,
        1,
        1,
        null,
        1,
        1,
        null,
        null,
        null,
        null,
        null,
        1,
        1,
        1,
        1,
        null,
        null,
        null,
        1,
        null,
        null,
        null,
        null,
        null,
        null,
        null,
        null,
        null,
        null,
        null,
        null,
        null,
        null,
        null,
        null,
        null,
        null,
        null,
        null,
        null,
        null,
        null,
        null,
        null,
        null,
        null,
        null,
        null,
        null,
        null,
        null,
        null,
        null,
        null,
        null,
        null,
        null,
        null,
        null,
        null,
        null,
        null,
        null,
        null,
        null,
        null,
        null,
        null,
        null,
        null,
        null,
        null,
        null,
        null,
        null
      ],
      "/Users/Jared/Programming/Rails_Projects/Wisc-Land-Web-App/app/helpers/application_helper.rb": [
        1,
        null
      ],
      "/Users/Jared/Programming/Rails_Projects/Wisc-Land-Web-App/app/helpers/assignments_helper.rb": [
        1,
        null
      ],
      "/Users/Jared/Programming/Rails_Projects/Wisc-Land-Web-App/app/helpers/dashboard_helper.rb": [
        1,
        null
      ],
      "/Users/Jared/Programming/Rails_Projects/Wisc-Land-Web-App/app/helpers/devise_helper.rb": [
        1,
        null,
        null,
        null,
        null,
        null,
        null,
        null,
        null,
        null,
        null,
        null,
        null,
        null,
        null
      ],
      "/Users/Jared/Programming/Rails_Projects/Wisc-Land-Web-App/app/helpers/field_datas_helper.rb": [
        1,
        null
      ],
      "/Users/Jared/Programming/Rails_Projects/Wisc-Land-Web-App/app/helpers/login_helper.rb": [
        1,
        null
      ],
      "/Users/Jared/Programming/Rails_Projects/Wisc-Land-Web-App/app/helpers/users_helper.rb": [
        1,
        null
      ],
      "/Users/Jared/Programming/Rails_Projects/Wisc-Land-Web-App/app/controllers/assignments_controller.rb": [
        1,
        1,
        null,
        1,
        0,
        0,
        null,
        null,
        1,
        1,
        1,
        1,
        1,
        1,
        1,
        1,
        1,
        null,
        1,
        null,
        null
      ],
      "/Users/Jared/Programming/Rails_Projects/Wisc-Land-Web-App/app/controllers/application_controller.rb": [
        1,
        null,
        null,
        null,
        1,
        null,
        1,
        null,
        1,
        0,
        null,
        null
      ],
      "/Users/Jared/Programming/Rails_Projects/Wisc-Land-Web-App/spec/controllers/dashboard_controller_spec.rb": [
        1,
        null,
        1,
        1,
        null,
        1,
        null,
        null,
        1,
        null,
        1,
        1,
        1,
        1,
        null,
        1,
        null,
        null,
        null,
        null,
        null,
        null,
        1,
        null,
        1,
        1,
        1,
        1,
        1,
        null,
        1,
        1,
        null,
        1,
        1,
        null,
        null,
        null,
        null,
        null,
        null,
        null,
        1,
        null,
        1,
        null,
        1,
        1,
        1,
        1,
        1,
        null,
        1,
        1,
        null,
        1,
        1,
        null,
        null,
        null,
        null,
        null
      ],
      "/Users/Jared/Programming/Rails_Projects/Wisc-Land-Web-App/app/controllers/dashboard_controller.rb": [
        1,
        1,
        1,
        null,
        1,
        1,
        1,
        4,
        4,
        null,
        4,
        null,
        null,
        null,
        1,
        2,
        null,
        null,
        null,
        null,
        null,
        null,
        null,
        1,
        0,
        0,
        0,
        null,
        null,
        1,
        0,
        0,
        null,
        0,
        0,
        null,
        0,
        null,
        null,
        0,
        0,
        null,
        0,
        null,
        null,
        0,
        0,
        null,
        0,
        null,
        null,
        0,
        null,
        0,
        null,
        null,
        1,
        null,
        null,
        null,
        1,
        0,
        0,
        0,
        0,
        null,
        0,
        null,
        null,
        null,
        1,
        null,
        null,
        null
      ],
      "/Users/Jared/Programming/Rails_Projects/Wisc-Land-Web-App/spec/controllers/field_datas_controller_spec.rb": [
        1,
        null,
        1,
        null,
        1,
        null,
        1,
        null,
        1,
        null,
        null,
        null,
        null,
        null,
        null,
        1,
        1,
        null,
        null,
        null,
        null,
        null,
        null
      ],
      "/Users/Jared/Programming/Rails_Projects/Wisc-Land-Web-App/app/controllers/field_datas_controller.rb": [
        1,
        1,
        1,
        1,
        null,
        1,
        null,
        1,
        1,
        0,
        0,
        null,
        null,
        null,
        1,
        1,
        0,
        0,
        null,
        null,
        null,
        1,
        null,
        null
      ],
      "/Users/Jared/Programming/Rails_Projects/Wisc-Land-Web-App/spec/controllers/login_controller_spec.rb": [
        1,
        null,
        1,
        1,
        null,
        1,
        null,
        1,
        null,
        1,
        1,
        1,
        1,
        1,
        null,
        null,
        null,
        1,
        null,
        1,
        1,
        null,
        null,
        null,
        null,
        null,
        null
      ],
      "/Users/Jared/Programming/Rails_Projects/Wisc-Land-Web-App/app/controllers/login_controller.rb": [
        1,
        1,
        2,
        1,
        null,
        null,
        null
      ],
      "/Users/Jared/Programming/Rails_Projects/Wisc-Land-Web-App/spec/controllers/users_controller_spec.rb": [
        1,
        null,
        1,
        null,
        null
      ],
      "/Users/Jared/Programming/Rails_Projects/Wisc-Land-Web-App/app/controllers/users_controller.rb": [
        1,
        1,
        null,
        1,
        0,
        0,
        0,
        null,
        null,
        1,
        0,
        0,
        0,
        null,
        0,
        null,
        null,
        null,
        1,
        0,
        0,
        0,
        0,
        null,
        null,
        1,
        0,
        null,
        0,
        0,
        null,
        null,
        null
      ],
      "/Users/Jared/Programming/Rails_Projects/Wisc-Land-Web-App/spec/helpers/assignments_helper_spec.rb": [
        null,
        null,
        null,
        null,
        null,
        null,
        null,
        null,
        null,
        null,
        null,
        null,
        null,
        null,
        null
      ],
      "/Users/Jared/Programming/Rails_Projects/Wisc-Land-Web-App/spec/helpers/dashboard_helper_spec.rb": [
        null,
        null,
        null,
        null,
        null,
        null,
        null,
        null,
        null,
        null,
        null,
        null,
        null,
        null,
        null
      ],
      "/Users/Jared/Programming/Rails_Projects/Wisc-Land-Web-App/spec/helpers/field_datas_helper_spec.rb": [
        null,
        null,
        null,
        null,
        null,
        null,
        null,
        null,
        null,
        null,
        null,
        null,
        null,
        null,
        null
      ],
      "/Users/Jared/Programming/Rails_Projects/Wisc-Land-Web-App/spec/helpers/login_helper_spec.rb": [
        null,
        null,
        null,
        null,
        null,
        null,
        null,
        null,
        null,
        null,
        null,
        null,
        null,
        null,
        null
      ],
      "/Users/Jared/Programming/Rails_Projects/Wisc-Land-Web-App/spec/helpers/users_helper_spec.rb": [
        null,
        null,
        null,
        null,
        null,
        null,
        null,
        null,
        null,
        null,
        null,
        null,
        null,
        null,
        null
      ],
      "/Users/Jared/Programming/Rails_Projects/Wisc-Land-Web-App/spec/models/assignments_spec.rb": [
        null,
        null,
        null,
        null,
        null
      ],
      "/Users/Jared/Programming/Rails_Projects/Wisc-Land-Web-App/spec/models/classification_spec.rb": [
        null,
        null,
        null,
        null,
        null
      ],
      "/Users/Jared/Programming/Rails_Projects/Wisc-Land-Web-App/spec/models/field_data_spec.rb": [
        null,
        null,
        null,
        null,
        null
      ],
      "/Users/Jared/Programming/Rails_Projects/Wisc-Land-Web-App/spec/models/forest_type_spec.rb": [
        null,
        null,
        null,
        null,
        null
      ],
      "/Users/Jared/Programming/Rails_Projects/Wisc-Land-Web-App/spec/models/locations_spec.rb": [
        null,
        null,
        null,
        null,
        null
      ],
      "/Users/Jared/Programming/Rails_Projects/Wisc-Land-Web-App/spec/models/role_spec.rb": [
        null,
        null,
        null,
        null,
        null
      ],
      "/Users/Jared/Programming/Rails_Projects/Wisc-Land-Web-App/spec/models/species_entry_spec.rb": [
        null,
        null,
        null,
        null,
        null
      ],
      "/Users/Jared/Programming/Rails_Projects/Wisc-Land-Web-App/spec/models/user_spec.rb": [
        null,
        null,
        null,
        null,
        null
      ],
      "/Users/Jared/Programming/Rails_Projects/Wisc-Land-Web-App/spec/models/vegetation_entry_spec.rb": [
        null,
        null,
        null,
        null,
        null
      ],
      "/Users/Jared/Programming/Rails_Projects/Wisc-Land-Web-App/spec/models/vegetation_spec.rb": [
        null,
        null,
        null,
        null,
        null
      ],
      "/Users/Jared/Programming/Rails_Projects/Wisc-Land-Web-App/app/models/assignment.rb": [
        1,
        1,
        1,
        1,
        null
      ],
      "/Users/Jared/Programming/Rails_Projects/Wisc-Land-Web-App/app/models/field_data.rb": [
        1,
        1,
        1,
        null
      ]
    },
    "timestamp": 1397177241
  }
}
