{
  "RSpec": {
    "coverage": {
      "/Users/Jared/Programming/Rails_Projects/Wisc-Land-Web-App/config/environment.rb": [
        null,
        1,
        null,
        null,
        1,
        null,
        null
      ],
      "/Users/Jared/Programming/Rails_Projects/Wisc-Land-Web-App/config/application.rb": [
        1,
        null,
        1,
        null,
        null,
        null,
        1,
        null,
        1,
        1,
        null,
        null,
        null,
        1,
        null,
        null,
        null,
        null,
        null,
        null,
        null,
        null,
        null
      ],
      "/Users/Jared/Programming/Rails_Projects/Wisc-Land-Web-App/config/boot.rb": [
        null,
        1,
        null,
        1
      ],
      "/Users/Jared/Programming/Rails_Projects/Wisc-Land-Web-App/config/environments/test.rb": [
        1,
        null,
        null,
        null,
        null,
        null,
        null,
        1,
        null,
        null,
        null,
        null,
        1,
        null,
        null,
        1,
        1,
        null,
        null,
        1,
        1,
        null,
        null,
        1,
        null,
        null,
        1,
        null,
        null,
        null,
        null,
        1,
        null,
        null,
        1,
        null,
        null,
        1,
        null
      ],
      "/Users/Jared/Programming/Rails_Projects/Wisc-Land-Web-App/config/initializers/backtrace_silencers.rb": [
        null,
        null,
        null,
        null,
        null,
        null,
        null
      ],
      "/Users/Jared/Programming/Rails_Projects/Wisc-Land-Web-App/config/initializers/devise.rb": [
        null,
        null,
        1,
        null,
        null,
        null,
        null,
        1,
        null,
        null,
        null,
        null,
        null,
        1,
        null,
        null,
        null,
        null,
        null,
        null,
        null,
        null,
        1,
        null,
        null,
        null,
        null,
        null,
        null,
        null,
        null,
        null,
        null,
        null,
        null,
        null,
        null,
        null,
        null,
        null,
        null,
        null,
        null,
        null,
        1,
        null,
        null,
        null,
        null,
        1,
        null,
        null,
        null,
        null,
        null,
        null,
        null,
        null,
        null,
        null,
        null,
        null,
        null,
        null,
        null,
        null,
        null,
        null,
        null,
        null,
        null,
        null,
        null,
        null,
        null,
        null,
        null,
        null,
        null,
        null,
        1,
        null,
        null,
        null,
        null,
        null,
        null,
        null,
        null,
        null,
        null,
        null,
        null,
        null,
        null,
        1,
        null,
        null,
        null,
        null,
        null,
        null,
        null,
        null,
        null,
        null,
        1,
        null,
        null,
        null,
        null,
        null,
        null,
        null,
        null,
        null,
        null,
        null,
        null,
        null,
        1,
        null,
        null,
        null,
        null,
        null,
        null,
        null,
        null,
        null,
        null,
        null,
        null,
        null,
        null,
        null,
        null,
        null,
        1,
        null,
        null,
        null,
        null,
        null,
        null,
        null,
        null,
        null,
        null,
        null,
        null,
        null,
        null,
        null,
        null,
        null,
        null,
        null,
        null,
        null,
        null,
        null,
        null,
        null,
        null,
        null,
        null,
        null,
        null,
        null,
        null,
        null,
        null,
        null,
        null,
        null,
        null,
        null,
        null,
        null,
        null,
        null,
        null,
        null,
        null,
        null,
        null,
        1,
        null,
        null,
        null,
        null,
        null,
        null,
        null,
        null,
        null,
        null,
        null,
        null,
        null,
        null,
        null,
        null,
        null,
        null,
        null,
        null,
        null,
        null,
        null,
        null,
        null,
        null,
        null,
        null,
        null,
        null,
        null,
        null,
        null,
        null,
        null,
        null,
        null,
        1,
        null,
        null,
        null,
        null,
        null,
        null,
        null,
        null,
        null,
        null,
        null,
        null,
        null,
        null,
        null,
        null,
        null,
        null,
        null,
        null,
        null,
        null,
        null,
        null,
        null,
        null,
        null,
        null,
        null
      ],
      "/Users/Jared/Programming/Rails_Projects/Wisc-Land-Web-App/config/initializers/filter_parameter_logging.rb": [
        null,
        null,
        null,
        1
      ],
      "/Users/Jared/Programming/Rails_Projects/Wisc-Land-Web-App/config/initializers/inflections.rb": [
        null,
        null,
        null,
        null,
        null,
        null,
        null,
        null,
        null,
        null,
        null,
        null,
        null,
        null,
        null,
        null
      ],
      "/Users/Jared/Programming/Rails_Projects/Wisc-Land-Web-App/config/initializers/mime_types.rb": [
        null,
        null,
        null,
        null,
        null
      ],
      "/Users/Jared/Programming/Rails_Projects/Wisc-Land-Web-App/config/initializers/rolify.rb": [
        1,
        null,
        null,
        null,
        null,
        null,
        null,
        null
      ],
      "/Users/Jared/Programming/Rails_Projects/Wisc-Land-Web-App/app/models/role.rb": [
        1,
        1,
        1,
        null,
        1,
        null
      ],
      "/Users/Jared/Programming/Rails_Projects/Wisc-Land-Web-App/config/initializers/secret_token.rb": [
        null,
        null,
        null,
        null,
        null,
        null,
        null,
        null,
        null,
        null,
        null,
        1
      ],
      "/Users/Jared/Programming/Rails_Projects/Wisc-Land-Web-App/config/initializers/session_store.rb": [
        null,
        null,
        1
      ],
      "/Users/Jared/Programming/Rails_Projects/Wisc-Land-Web-App/config/initializers/wrap_parameters.rb": [
        null,
        null,
        null,
        null,
        null,
        null,
        1,
        1,
        null,
        null,
        null,
        null,
        null,
        null
      ],
      "/Users/Jared/Programming/Rails_Projects/Wisc-Land-Web-App/spec/factories.rb": [
        1,
        1,
        1,
        1,
        1,
        null,
        null
      ],
      "/Users/Jared/Programming/Rails_Projects/Wisc-Land-Web-App/config/routes.rb": [
        1,
        1,
        null,
        1,
        1,
        1,
        null,
        null,
        null,
        1,
        1,
        1,
        1,
        null,
        null,
        null,
        null,
        null,
        1,
        1,
        1,
        null,
        null,
        null,
        1,
        1,
        1,
        1,
        null,
        1,
        null,
        null,
        null,
        null,
        null,
        1,
        1,
        1,
        1,
        null,
        null,
        null,
        1,
        null,
        null,
        null,
        null,
        null,
        null,
        null,
        null,
        null,
        null,
        null,
        null,
        null,
        null,
        null,
        null,
        null,
        null,
        null,
        null,
        null,
        null,
        null,
        null,
        null,
        null,
        null,
        null,
        null,
        null,
        null,
        null,
        null,
        null,
        null,
        null,
        null,
        null,
        null,
        null,
        null,
        null,
        null,
        null,
        null,
        null,
        null,
        null,
        null,
        null,
        null,
        null,
        null,
        null,
        null,
        null
      ],
      "/Users/Jared/Programming/Rails_Projects/Wisc-Land-Web-App/app/models/user.rb": [
        1,
        1,
        null,
        null,
        1,
        null,
        null,
        1,
        null,
        1,
        0,
        null,
        null,
        1,
        0,
        0,
        null,
        0,
        null,
        null,
        null,
        null,
        null,
        null,
        null,
        null,
        null,
        null,
        null
      ],
      "/Users/Jared/Programming/Rails_Projects/Wisc-Land-Web-App/app/helpers/application_helper.rb": [
        1,
        null
      ],
      "/Users/Jared/Programming/Rails_Projects/Wisc-Land-Web-App/app/helpers/assignments_helper.rb": [
        1,
        null
      ],
      "/Users/Jared/Programming/Rails_Projects/Wisc-Land-Web-App/app/helpers/dashboard_helper.rb": [
        1,
        null
      ],
      "/Users/Jared/Programming/Rails_Projects/Wisc-Land-Web-App/app/helpers/login_helper.rb": [
        1,
        null
      ],
      "/Users/Jared/Programming/Rails_Projects/Wisc-Land-Web-App/app/helpers/users_helper.rb": [
        1,
        null
      ]
    },
    "timestamp": 1396930140
  }
}
